#
# There is insufficient memory for the Java Runtime Environment to continue.
# Native memory allocation (mmap) failed to map 264241152 bytes for G1 virtual space
# Possible reasons:
#   The system is out of physical RAM or swap space
#   The process is running with CompressedOops enabled, and the Java Heap may be blocking the growth of the native heap
# Possible solutions:
#   Reduce memory load on the system
#   Increase physical memory or swap space
#   Check if swap backing store is full
#   Decrease Java heap size (-Xmx/-Xms)
#   Decrease number of Java threads
#   Decrease Java thread stack sizes (-Xss)
#   Set larger code cache with -XX:ReservedCodeCacheSize=
#   JVM is running with Zero Based Compressed Oops mode in which the Java heap is
#     placed in the first 32GB address space. The Java Heap base address is the
#     maximum limit for the native heap growth. Please use -XX:HeapBaseMinAddress
#     to set the Java Heap base and to place the Java Heap above 32GB virtual address.
# This output file may be truncated or incomplete.
#
#  Out of Memory Error (os_windows.cpp:3600), pid=3984, tid=17852
#
# JRE version:  (21.0.1+12) (build )
# Java VM: Java HotSpot(TM) 64-Bit Server VM (21.0.1+12-LTS-29, mixed mode, sharing, tiered, compressed oops, compressed class ptrs, g1 gc, windows-amd64)
# No core dump will be written. Minidumps are not enabled by default on client versions of Windows
#

---------------  S U M M A R Y ------------

Command Line: -javaagent:C:\Program Files (x86)\JetBrains\IntelliJ IDEA 2024.1\lib\idea_rt.jar=54538:C:\Program Files (x86)\JetBrains\IntelliJ IDEA 2024.1\bin -Dfile.encoding=UTF-8 -Dsun.stdout.encoding=UTF-8 -Dsun.stderr.encoding=UTF-8 Tarefa

Host: 12th Gen Intel(R) Core(TM) i7-1255U, 12 cores, 15G,  Windows 11 , 64 bit Build 22621 (10.0.22621.3958)
Time: Wed Aug 14 21:15:48 2024 Hora oficial do Brasil elapsed time: 0.023970 seconds (0d 0h 0m 0s)

---------------  T H R E A D  ---------------

Current thread (0x000002381555ee30):  JavaThread "Unknown thread" [_thread_in_vm, id=17852, stack(0x000000dd68500000,0x000000dd68600000) (1024K)]

Stack: [0x000000dd68500000,0x000000dd68600000]
Native frames: (J=compiled Java code, j=interpreted, Vv=VM code, C=native code)
V  [jvm.dll+0x6c9029]
V  [jvm.dll+0x854b81]
V  [jvm.dll+0x856e5e]
V  [jvm.dll+0x857543]
V  [jvm.dll+0x280c06]
V  [jvm.dll+0x6c5715]
V  [jvm.dll+0x6ba10a]
V  [jvm.dll+0x3557ea]
V  [jvm.dll+0x35d436]
V  [jvm.dll+0x3ae1be]
V  [jvm.dll+0x3ae468]
V  [jvm.dll+0x3291fc]
V  [jvm.dll+0x329d8b]
V  [jvm.dll+0x81d179]
V  [jvm.dll+0x3bb4f1]
V  [jvm.dll+0x805ae8]
V  [jvm.dll+0x44effe]
V  [jvm.dll+0x450901]
C  [jli.dll+0x52a3]
C  [ucrtbase.dll+0x29333]
C  [KERNEL32.DLL+0x1257d]
C  [ntdll.dll+0x5af28]


---------------  P R O C E S S  ---------------

Threads class SMR info:
_java_thread_list=0x00007ff8edd09b88, length=0, elements={
}

Java Threads: ( => current thread )
Total: 0

Other Threads:
  0x00000238178bdb80 WorkerThread "GC Thread#0"                     [id=11220, stack(0x000000dd68600000,0x000000dd68700000) (1024K)]
  0x00000238178ce6b0 ConcurrentGCThread "G1 Main Marker"            [id=7284, stack(0x000000dd68700000,0x000000dd68800000) (1024K)]
  0x00000238178cf360 WorkerThread "G1 Conc#0"                       [id=13896, stack(0x000000dd68800000,0x000000dd68900000) (1024K)]

[error occurred during error reporting (printing all threads), id 0xc0000005, EXCEPTION_ACCESS_VIOLATION (0xc0000005) at pc=0x00007ff8ed47c2c7]
VM state: not at safepoint (not fully initialized)

VM Mutex/Monitor currently owned by a thread:  ([mutex/lock_event])
[0x00007ff8edd7a6f8] Heap_lock - owner thread: 0x000002381555ee30

Heap address: 0x0000000704a00000, size: 4022 MB, Compressed Oops mode: Zero based, Oop shift amount: 3

CDS archive(s) mapped at: [0x0000000000000000-0x0000000000000000-0x0000000000000000), size 0, SharedBaseAddress: 0x0000000800000000, ArchiveRelocationMode: 1.
Narrow klass base: 0x0000000000000000, Narrow klass shift: 0, Narrow klass range: 0x0

GC Precious Log:
 CardTable entry size: 512
 Card Set container configuration: InlinePtr #cards 4 size 8 Array Of Cards #cards 16 size 48 Howl #buckets 8 coarsen threshold 3686 Howl Bitmap #cards 512 size 80 coarsen threshold 460 Card regions per heap region 1 cards per card region 4096

Heap:
 garbage-first heap   total 0K, used 0K [0x0000000704a00000, 0x0000000800000000)
  region size 2048K, 0 young (0K), 0 survivors (0K)

[error occurred during error reporting (printing heap information), id 0xc0000005, EXCEPTION_ACCESS_VIOLATION (0xc0000005) at pc=0x00007ff8ed861be9]
GC Heap History (0 events):
No events

Dll operation events (1 events):
Event: 0.009 Loaded shared library C:\Program Files\Java\bin\java.dll

Deoptimization events (0 events):
No events

Classes loaded (0 events):
No events

Classes unloaded (0 events):
No events

Classes redefined (0 events):
No events

Internal exceptions (0 events):
No events

ZGC Phase Switch (0 events):
No events

VM Operations (0 events):
No events

Events (0 events):
No events


Dynamic libraries:
0x00007ff73bbb0000 - 0x00007ff73bbc0000 	C:\Program Files\Java\bin\java.exe
0x00007ff955b90000 - 0x00007ff955da7000 	C:\windows\SYSTEM32\ntdll.dll
0x00007ff9538c0000 - 0x00007ff953984000 	C:\windows\System32\KERNEL32.DLL
0x00007ff953300000 - 0x00007ff9536ad000 	C:\windows\System32\KERNELBASE.dll
0x00007ff9530c0000 - 0x00007ff9531d1000 	C:\windows\System32\ucrtbase.dll
0x00007ff94c8f0000 - 0x00007ff94c909000 	C:\Program Files\Java\bin\jli.dll
0x00007ff955200000 - 0x00007ff9552b2000 	C:\windows\System32\ADVAPI32.dll
0x00007ff955150000 - 0x00007ff9551f7000 	C:\windows\System32\msvcrt.dll
0x00007ff949c50000 - 0x00007ff949c6b000 	C:\Program Files\Java\bin\VCRUNTIME140.dll
0x00007ff954890000 - 0x00007ff954939000 	C:\windows\System32\sechost.dll
0x00007ff953890000 - 0x00007ff9538b8000 	C:\windows\System32\bcrypt.dll
0x00007ff954da0000 - 0x00007ff954eb4000 	C:\windows\System32\RPCRT4.dll
0x00007ff954a30000 - 0x00007ff954bde000 	C:\windows\System32\USER32.dll
0x00007ff952f50000 - 0x00007ff952f76000 	C:\windows\System32\win32u.dll
0x00007ff953a10000 - 0x00007ff953a39000 	C:\windows\System32\GDI32.dll
0x00007ff9531e0000 - 0x00007ff9532f9000 	C:\windows\System32\gdi32full.dll
0x00007ff947260000 - 0x00007ff9474f3000 	C:\windows\WinSxS\amd64_microsoft.windows.common-controls_6595b64144ccf1df_6.0.22621.3672_none_2713b9d173822955\COMCTL32.dll
0x00007ff952eb0000 - 0x00007ff952f4a000 	C:\windows\System32\msvcp_win.dll
0x00007ff947890000 - 0x00007ff94789a000 	C:\windows\SYSTEM32\VERSION.dll
0x00007ff9542b0000 - 0x00007ff9542e1000 	C:\windows\System32\IMM32.DLL
0x00007ff949bb0000 - 0x00007ff949bbc000 	C:\Program Files\Java\bin\vcruntime140_1.dll
0x00007ff9371a0000 - 0x00007ff93722e000 	C:\Program Files\Java\bin\msvcp140.dll
0x00007ff8ed140000 - 0x00007ff8ede55000 	C:\Program Files\Java\bin\server\jvm.dll
0x00007ff953990000 - 0x00007ff953a01000 	C:\windows\System32\WS2_32.dll
0x00007ff949be0000 - 0x00007ff949c14000 	C:\windows\SYSTEM32\WINMM.dll
0x00007ff952bb0000 - 0x00007ff952bfd000 	C:\windows\SYSTEM32\POWRPROF.dll
0x00007ff952af0000 - 0x00007ff952b03000 	C:\windows\SYSTEM32\UMPDC.dll
0x00007ff951e40000 - 0x00007ff951e58000 	C:\windows\SYSTEM32\kernel.appcore.dll
0x00007ff949ba0000 - 0x00007ff949baa000 	C:\Program Files\Java\bin\jimage.dll
0x00007ff950780000 - 0x00007ff9509b2000 	C:\windows\SYSTEM32\DBGHELP.DLL
0x00007ff955640000 - 0x00007ff9559cd000 	C:\windows\System32\combase.dll
0x00007ff954c60000 - 0x00007ff954d37000 	C:\windows\System32\OLEAUT32.dll
0x00007ff944cb0000 - 0x00007ff944ce2000 	C:\windows\SYSTEM32\dbgcore.DLL
0x00007ff952f80000 - 0x00007ff952ffb000 	C:\windows\System32\bcryptPrimitives.dll
0x00007ff947590000 - 0x00007ff94759f000 	C:\Program Files\Java\bin\instrument.dll
0x00007ff949b80000 - 0x00007ff949b9f000 	C:\Program Files\Java\bin\java.dll

dbghelp: loaded successfully - version: 4.0.5 - missing functions: none
symbol engine: initialized successfully - sym options: 0x614 - pdb path: .;C:\Program Files\Java\bin;C:\windows\SYSTEM32;C:\windows\WinSxS\amd64_microsoft.windows.common-controls_6595b64144ccf1df_6.0.22621.3672_none_2713b9d173822955;C:\Program Files\Java\bin\server

VM Arguments:
jvm_args: -javaagent:C:\Program Files (x86)\JetBrains\IntelliJ IDEA 2024.1\lib\idea_rt.jar=54538:C:\Program Files (x86)\JetBrains\IntelliJ IDEA 2024.1\bin -Dfile.encoding=UTF-8 -Dsun.stdout.encoding=UTF-8 -Dsun.stderr.encoding=UTF-8 
java_command: Tarefa
java_class_path (initial): C:\Users\joaop\Documentos\Docs_Jaup\Ling_Progr_Adriana\Tarefa 1\out\production\Tarefa 1
Launcher Type: SUN_STANDARD

[Global flags]
     intx CICompilerCount                          = 4                                         {product} {ergonomic}
     uint ConcGCThreads                            = 3                                         {product} {ergonomic}
     uint G1ConcRefinementThreads                  = 10                                        {product} {ergonomic}
   size_t G1HeapRegionSize                         = 2097152                                   {product} {ergonomic}
    uintx GCDrainStackTargetSize                   = 64                                        {product} {ergonomic}
   size_t InitialHeapSize                          = 264241152                                 {product} {ergonomic}
   size_t MarkStackSize                            = 4194304                                   {product} {ergonomic}
   size_t MaxHeapSize                              = 4217372672                                {product} {ergonomic}
   size_t MinHeapDeltaBytes                        = 2097152                                   {product} {ergonomic}
   size_t MinHeapSize                              = 8388608                                   {product} {ergonomic}
    uintx NonNMethodCodeHeapSize                   = 5839372                                {pd product} {ergonomic}
    uintx NonProfiledCodeHeapSize                  = 122909434                              {pd product} {ergonomic}
    uintx ProfiledCodeHeapSize                     = 122909434                              {pd product} {ergonomic}
    uintx ReservedCodeCacheSize                    = 251658240                              {pd product} {ergonomic}
     bool SegmentedCodeCache                       = true                                      {product} {ergonomic}
   size_t SoftMaxHeapSize                          = 4217372672                             {manageable} {ergonomic}
     bool UseCompressedOops                        = true                           {product lp64_product} {ergonomic}
     bool UseG1GC                                  = true                                      {product} {ergonomic}
     bool UseLargePagesIndividualAllocation        = false                                  {pd product} {ergonomic}

Logging:
Log output configuration:
 #0: stdout all=warning uptime,level,tags foldmultilines=false
 #1: stderr all=off uptime,level,tags foldmultilines=false

Environment Variables:
JAVA_HOME=C:\Arquivo De Programas\jdk-17.0.3.1
PATH=C:\Python312\Scripts\;C:\Python312\;C:\Program Files\Common Files\Oracle\Java\javapath;C:\Program Files (x86)\NVIDIA Corporation\PhysX\Common;C:\windows\system32;C:\windows;C:\windows\System32\Wbem;C:\windows\System32\WindowsPowerShell\v1.0\;C:\windows\System32\OpenSSH\;C:\Program Files\Git\cmd;C:\Program Files\nodejs\;C:\ProgramData\chocolatey\bin;C:\maven\bin;C:\Users\joaop\AppData\Local\Programs\Python\Launcher\;C:\Users\joaop\AppData\Local\Microsoft\WindowsApps;C:\Users\joaop\AppData\Local\Programs\Microsoft VS Code\bin;C:\Users\joaop\AppData\Roaming\npm;C:\Arquivo De Programas\jdk-17.0.3.1\bin;
USERNAME=joaop
OS=Windows_NT
PROCESSOR_IDENTIFIER=Intel64 Family 6 Model 154 Stepping 4, GenuineIntel
TMP=C:\Users\joaop\AppData\Local\Temp
TEMP=C:\Users\joaop\AppData\Local\Temp




Periodic native trim disabled

---------------  S Y S T E M  ---------------

OS:
 Windows 11 , 64 bit Build 22621 (10.0.22621.3958)
OS uptime: 0 days 2:13 hours
Hyper-V role detected

CPU: total 12 (initial active 12) (6 cores per cpu, 2 threads per core) family 6 model 154 stepping 4 microcode 0x423, cx8, cmov, fxsr, ht, mmx, 3dnowpref, sse, sse2, sse3, ssse3, sse4.1, sse4.2, popcnt, lzcnt, tsc, tscinvbit, avx, avx2, aes, erms, clmul, bmi1, bmi2, adx, sha, fma, vzeroupper, clflush, clflushopt, clwb, hv, serialize, rdtscp, rdpid, fsrm, f16c, cet_ibt, cet_ss
Processor Information for processor 0
  Max Mhz: 1700, Current Mhz: 1700, Mhz Limit: 1700
Processor Information for processor 1
  Max Mhz: 1700, Current Mhz: 1700, Mhz Limit: 1700
Processor Information for processor 2
  Max Mhz: 1700, Current Mhz: 1700, Mhz Limit: 1700
Processor Information for processor 3
  Max Mhz: 1700, Current Mhz: 1700, Mhz Limit: 1700
Processor Information for processor 4
  Max Mhz: 1700, Current Mhz: 1200, Mhz Limit: 1190
Processor Information for processor 5
  Max Mhz: 1700, Current Mhz: 1200, Mhz Limit: 1190
Processor Information for processor 6
  Max Mhz: 1700, Current Mhz: 1200, Mhz Limit: 1190
Processor Information for processor 7
  Max Mhz: 1700, Current Mhz: 1200, Mhz Limit: 1190
Processor Information for processor 8
  Max Mhz: 1700, Current Mhz: 1200, Mhz Limit: 1190
Processor Information for processor 9
  Max Mhz: 1700, Current Mhz: 1200, Mhz Limit: 1190
Processor Information for processor 10
  Max Mhz: 1700, Current Mhz: 1200, Mhz Limit: 1190
Processor Information for processor 11
  Max Mhz: 1700, Current Mhz: 1200, Mhz Limit: 1190

Memory: 4k page, system-wide physical 16085M (4401M free)
TotalPageFile size 16085M (AvailPageFile size 218M)
current process WorkingSet (physical memory assigned to process): 11M, peak: 11M
current process commit charge ("private bytes"): 64M, peak: 316M

vm_info: Java HotSpot(TM) 64-Bit Server VM (21.0.1+12-LTS-29) for windows-amd64 JRE (21.0.1+12-LTS-29), built on 2023-10-05T13:27:09Z by "mach5one" with MS VC++ 17.1 (VS2022)

END.
